<?xml version="1.0" encoding="UTF-8"?>
<testng-results skipped="0" failed="0" total="1" passed="1">
  <reporter-output>
  </reporter-output>
  <suite name="Default suite" duration-ms="40423" started-at="2018-12-02T05:27:17Z" finished-at="2018-12-02T05:27:57Z">
    <groups>
    </groups>
    <test name="Default test" duration-ms="40423" started-at="2018-12-02T05:27:17Z" finished-at="2018-12-02T05:27:57Z">
      <class name="in.amazon.testcase.Testcase2">
        <test-method status="PASS" signature="beforeMethod()[pri:0, instance:in.amazon.testcase.Testcase2@174d20a]" name="beforeMethod" is-config="true" duration-ms="35415" started-at="2018-12-02T10:57:17Z" finished-at="2018-12-02T10:57:52Z">
          <reporter-output>
          </reporter-output>
        </test-method> <!-- beforeMethod -->
        <test-method status="PASS" signature="tc2()[pri:0, instance:in.amazon.testcase.Testcase2@174d20a]" name="tc2" duration-ms="4985" started-at="2018-12-02T10:57:52Z" finished-at="2018-12-02T10:57:57Z">
          <reporter-output>
          </reporter-output>
        </test-method> <!-- tc2 -->
      </class> <!-- in.amazon.testcase.Testcase2 -->
    </test> <!-- Default test -->
  </suite> <!-- Default suite -->
</testng-results>
